<?xml version="1.0" encoding="UTF-8"?>
<coverage generated="1698253641216" clover="3.2.0">
  <project timestamp="1698253641216" name="All files">
    <metrics statements="20" coveredstatements="20" conditionals="4" coveredconditionals="2" methods="8" coveredmethods="7" elements="32" coveredelements="29" complexity="0" loc="20" ncloc="20" packages="2" files="2" classes="2"/>
    <package name="gameboard">
      <metrics statements="16" coveredstatements="16" conditionals="0" coveredconditionals="0" methods="5" coveredmethods="4"/>
      <file name="gameboard.js" path="/home/mijan/web_dev/the_odin_project/fullstack_js/projects/javascript/battleship/src/modules/gameboard/gameboard.js">
        <metrics statements="16" coveredstatements="16" conditionals="0" coveredconditionals="0" methods="5" coveredmethods="4"/>
        <line num="4" count="1" type="stmt"/>
        <line num="19" count="1" type="stmt"/>
        <line num="23" count="1" type="stmt"/>
        <line num="24" count="1" type="stmt"/>
        <line num="25" count="1" type="stmt"/>
        <line num="31" count="4" type="stmt"/>
        <line num="32" count="4" type="stmt"/>
        <line num="33" count="4" type="stmt"/>
        <line num="39" count="4" type="stmt"/>
        <line num="40" count="40" type="stmt"/>
        <line num="41" count="40" type="stmt"/>
        <line num="42" count="400" type="stmt"/>
        <line num="43" count="400" type="stmt"/>
        <line num="49" count="400" type="stmt"/>
        <line num="53" count="4" type="stmt"/>
        <line num="57" count="2" type="stmt"/>
      </file>
    </package>
    <package name="ship">
      <metrics statements="4" coveredstatements="4" conditionals="4" coveredconditionals="2" methods="3" coveredmethods="3"/>
      <file name="ship.js" path="/home/mijan/web_dev/the_odin_project/fullstack_js/projects/javascript/battleship/src/modules/ship/ship.js">
        <metrics statements="4" coveredstatements="4" conditionals="4" coveredconditionals="2" methods="3" coveredmethods="3"/>
        <line num="2" count="11" type="stmt"/>
        <line num="3" count="11" type="stmt"/>
        <line num="4" count="2" type="cond" truecount="1" falsecount="1"/>
        <line num="5" count="4" type="cond" truecount="1" falsecount="1"/>
      </file>
    </package>
  </project>
</coverage>
