{"/home/mijan/web_dev/the_odin_project/fullstack_js/projects/javascript/battleship/src/modules/gameboard/gameboard.js": {"path":"/home/mijan/web_dev/the_odin_project/fullstack_js/projects/javascript/battleship/src/modules/gameboard/gameboard.js","statementMap":{},"fnMap":{"0":{"name":"Gameboard","decl":{"start":{"line":1,"column":9},"end":{"line":1,"column":18}},"loc":{"start":{"line":1,"column":22},"end":{"line":3,"column":1}},"line":1}},"branchMap":{},"s":{},"f":{"0":1},"b":{},"_coverageSchema":"1a1c01bbd47fc00a2c39e90264f33305004495a9","hash":"73aed08e2bb3e0dbc8aa3ae6f383bc5a68c89fcb"}
,"/home/mijan/web_dev/the_odin_project/fullstack_js/projects/javascript/battleship/src/modules/ship/ship.js": {"path":"/home/mijan/web_dev/the_odin_project/fullstack_js/projects/javascript/battleship/src/modules/ship/ship.js","statementMap":{"0":{"start":{"line":2,"column":13},"end":{"line":2,"column":37}},"1":{"start":{"line":3,"column":2},"end":{"line":6,"column":4}},"2":{"start":{"line":4,"column":15},"end":{"line":4,"column":55}},"3":{"start":{"line":5,"column":18},"end":{"line":5,"column":72}}},"fnMap":{"0":{"name":"Ship","decl":{"start":{"line":1,"column":9},"end":{"line":1,"column":13}},"loc":{"start":{"line":1,"column":51},"end":{"line":7,"column":1}},"line":1},"1":{"name":"(anonymous_1)","decl":{"start":{"line":4,"column":9},"end":{"line":4,"column":10}},"loc":{"start":{"line":4,"column":15},"end":{"line":4,"column":55}},"line":4},"2":{"name":"(anonymous_2)","decl":{"start":{"line":5,"column":12},"end":{"line":5,"column":13}},"loc":{"start":{"line":5,"column":18},"end":{"line":5,"column":72}},"line":5}},"branchMap":{"0":{"loc":{"start":{"line":1,"column":23},"end":{"line":1,"column":35}},"type":"default-arg","locations":[{"start":{"line":1,"column":34},"end":{"line":1,"column":35}}],"line":1},"1":{"loc":{"start":{"line":1,"column":37},"end":{"line":1,"column":49}},"type":"default-arg","locations":[{"start":{"line":1,"column":44},"end":{"line":1,"column":49}}],"line":1},"2":{"loc":{"start":{"line":4,"column":15},"end":{"line":4,"column":55}},"type":"cond-expr","locations":[{"start":{"line":4,"column":34},"end":{"line":4,"column":49}},{"start":{"line":4,"column":51},"end":{"line":4,"column":55}}],"line":4},"3":{"loc":{"start":{"line":5,"column":30},"end":{"line":5,"column":72}},"type":"cond-expr","locations":[{"start":{"line":5,"column":61},"end":{"line":5,"column":65}},{"start":{"line":5,"column":67},"end":{"line":5,"column":72}}],"line":5}},"s":{"0":1,"1":1,"2":1,"3":1},"f":{"0":1,"1":1,"2":1},"b":{"0":[1],"1":[1],"2":[1,0],"3":[0,1]},"_coverageSchema":"1a1c01bbd47fc00a2c39e90264f33305004495a9","hash":"3dc098016394b25cfc2a44ac198cc5d10b29c8f7"}
}
