{"/home/mijan/web_dev/the_odin_project/fullstack_js/projects/javascript/battleship/src/modules/gameboard/gameboard.js": {"path":"/home/mijan/web_dev/the_odin_project/fullstack_js/projects/javascript/battleship/src/modules/gameboard/gameboard.js","statementMap":{"0":{"start":{"line":4,"column":14},"end":{"line":4,"column":27}},"1":{"start":{"line":4,"column":40},"end":{"line":4,"column":53}},"2":{"start":{"line":4,"column":63},"end":{"line":4,"column":65}},"3":{"start":{"line":5,"column":2},"end":{"line":5,"column":18}},"4":{"start":{"line":6,"column":2},"end":{"line":6,"column":24}},"5":{"start":{"line":8,"column":2},"end":{"line":40,"column":4}},"6":{"start":{"line":10,"column":26},"end":{"line":10,"column":65}},"7":{"start":{"line":12,"column":24},"end":{"line":12,"column":58}},"8":{"start":{"line":12,"column":44},"end":{"line":12,"column":57}},"9":{"start":{"line":15,"column":21},"end":{"line":15,"column":35}},"10":{"start":{"line":15,"column":47},"end":{"line":15,"column":57}},"11":{"start":{"line":16,"column":6},"end":{"line":16,"column":78}},"12":{"start":{"line":16,"column":23},"end":{"line":16,"column":78}},"13":{"start":{"line":17,"column":6},"end":{"line":17,"column":53}},"14":{"start":{"line":17,"column":31},"end":{"line":17,"column":53}},"15":{"start":{"line":18,"column":6},"end":{"line":18,"column":157}},"16":{"start":{"line":18,"column":68},"end":{"line":18,"column":157}},"17":{"start":{"line":20,"column":18},"end":{"line":20,"column":20}},"18":{"start":{"line":21,"column":19},"end":{"line":21,"column":47}},"19":{"start":{"line":22,"column":14},"end":{"line":22,"column":71}},"20":{"start":{"line":24,"column":6},"end":{"line":26,"column":7}},"21":{"start":{"line":24,"column":19},"end":{"line":24,"column":24}},"22":{"start":{"line":25,"column":8},"end":{"line":25,"column":59}},"23":{"start":{"line":28,"column":6},"end":{"line":30,"column":9}},"24":{"start":{"line":29,"column":8},"end":{"line":29,"column":54}},"25":{"start":{"line":31,"column":6},"end":{"line":31,"column":26}},"26":{"start":{"line":35,"column":21},"end":{"line":35,"column":35}},"27":{"start":{"line":36,"column":6},"end":{"line":36,"column":45}},"28":{"start":{"line":37,"column":6},"end":{"line":37,"column":62}},"29":{"start":{"line":38,"column":6},"end":{"line":38,"column":22}},"30":{"start":{"line":44,"column":15},"end":{"line":44,"column":17}},"31":{"start":{"line":45,"column":12},"end":{"line":45,"column":14}},"32":{"start":{"line":46,"column":10},"end":{"line":46,"column":50}},"33":{"start":{"line":48,"column":2},"end":{"line":55,"column":3}},"34":{"start":{"line":48,"column":15},"end":{"line":48,"column":16}},"35":{"start":{"line":49,"column":4},"end":{"line":49,"column":23}},"36":{"start":{"line":50,"column":4},"end":{"line":54,"column":5}},"37":{"start":{"line":50,"column":17},"end":{"line":50,"column":18}},"38":{"start":{"line":51,"column":25},"end":{"line":51,"column":37}},"39":{"start":{"line":52,"column":6},"end":{"line":52,"column":52}},"40":{"start":{"line":53,"column":6},"end":{"line":53,"column":41}},"41":{"start":{"line":57,"column":2},"end":{"line":57,"column":15}}},"fnMap":{"0":{"name":"Gameboard","decl":{"start":{"line":3,"column":9},"end":{"line":3,"column":18}},"loc":{"start":{"line":3,"column":22},"end":{"line":41,"column":1}},"line":3},"1":{"name":"(anonymous_1)","decl":{"start":{"line":10,"column":16},"end":{"line":10,"column":17}},"loc":{"start":{"line":10,"column":26},"end":{"line":10,"column":65}},"line":10},"2":{"name":"(anonymous_2)","decl":{"start":{"line":12,"column":18},"end":{"line":12,"column":19}},"loc":{"start":{"line":12,"column":24},"end":{"line":12,"column":58}},"line":12},"3":{"name":"(anonymous_3)","decl":{"start":{"line":12,"column":36},"end":{"line":12,"column":37}},"loc":{"start":{"line":12,"column":44},"end":{"line":12,"column":57}},"line":12},"4":{"name":"(anonymous_4)","decl":{"start":{"line":14,"column":15},"end":{"line":14,"column":16}},"loc":{"start":{"line":14,"column":57},"end":{"line":32,"column":5}},"line":14},"5":{"name":"(anonymous_5)","decl":{"start":{"line":28,"column":18},"end":{"line":28,"column":19}},"loc":{"start":{"line":28,"column":28},"end":{"line":30,"column":7}},"line":28},"6":{"name":"(anonymous_6)","decl":{"start":{"line":34,"column":19},"end":{"line":34,"column":20}},"loc":{"start":{"line":34,"column":29},"end":{"line":39,"column":5}},"line":34},"7":{"name":"createBoard","decl":{"start":{"line":43,"column":9},"end":{"line":43,"column":20}},"loc":{"start":{"line":43,"column":24},"end":{"line":58,"column":1}},"line":43}},"branchMap":{"0":{"loc":{"start":{"line":14,"column":28},"end":{"line":14,"column":52}},"type":"default-arg","locations":[{"start":{"line":14,"column":42},"end":{"line":14,"column":52}}],"line":14},"1":{"loc":{"start":{"line":16,"column":6},"end":{"line":16,"column":78}},"type":"if","locations":[{"start":{"line":16,"column":6},"end":{"line":16,"column":78}},{"start":{},"end":{}}],"line":16},"2":{"loc":{"start":{"line":17,"column":6},"end":{"line":17,"column":53}},"type":"if","locations":[{"start":{"line":17,"column":6},"end":{"line":17,"column":53}},{"start":{},"end":{}}],"line":17},"3":{"loc":{"start":{"line":18,"column":6},"end":{"line":18,"column":157}},"type":"if","locations":[{"start":{"line":18,"column":6},"end":{"line":18,"column":157}},{"start":{},"end":{}}],"line":18},"4":{"loc":{"start":{"line":18,"column":10},"end":{"line":18,"column":66}},"type":"binary-expr","locations":[{"start":{"line":18,"column":10},"end":{"line":18,"column":35}},{"start":{"line":18,"column":39},"end":{"line":18,"column":66}}],"line":18},"5":{"loc":{"start":{"line":22,"column":14},"end":{"line":22,"column":71}},"type":"cond-expr","locations":[{"start":{"line":22,"column":41},"end":{"line":22,"column":55}},{"start":{"line":22,"column":57},"end":{"line":22,"column":71}}],"line":22},"6":{"loc":{"start":{"line":25,"column":17},"end":{"line":25,"column":58}},"type":"cond-expr","locations":[{"start":{"line":25,"column":44},"end":{"line":25,"column":50}},{"start":{"line":25,"column":52},"end":{"line":25,"column":58}}],"line":25},"7":{"loc":{"start":{"line":37,"column":6},"end":{"line":37,"column":61}},"type":"cond-expr","locations":[{"start":{"line":37,"column":19},"end":{"line":37,"column":36}},{"start":{"line":37,"column":38},"end":{"line":37,"column":61}}],"line":37}},"s":{"0":2,"1":2,"2":2,"3":2,"4":2,"5":2,"6":6,"7":0,"8":0,"9":2,"10":2,"11":2,"12":0,"13":2,"14":0,"15":2,"16":0,"17":2,"18":2,"19":2,"20":2,"21":2,"22":10,"23":2,"24":10,"25":2,"26":5,"27":5,"28":5,"29":5,"30":4,"31":4,"32":4,"33":4,"34":4,"35":40,"36":40,"37":40,"38":400,"39":400,"40":400,"41":4},"f":{"0":2,"1":6,"2":0,"3":0,"4":2,"5":10,"6":5,"7":4},"b":{"0":[2],"1":[0,2],"2":[0,2],"3":[0,2],"4":[2,0],"5":[2,0],"6":[10,0],"7":[5,0]},"_coverageSchema":"1a1c01bbd47fc00a2c39e90264f33305004495a9","hash":"0cd8ba74c65e6f82854f1ead7545acefc68a7571"}
,"/home/mijan/web_dev/the_odin_project/fullstack_js/projects/javascript/battleship/src/modules/player/player.js": {"path":"/home/mijan/web_dev/the_odin_project/fullstack_js/projects/javascript/battleship/src/modules/player/player.js","statementMap":{"0":{"start":{"line":4,"column":17},"end":{"line":4,"column":28}},"1":{"start":{"line":5,"column":2},"end":{"line":14,"column":4}},"2":{"start":{"line":8,"column":21},"end":{"line":8,"column":41}},"3":{"start":{"line":9,"column":6},"end":{"line":9,"column":83}},"4":{"start":{"line":9,"column":34},"end":{"line":9,"column":83}},"5":{"start":{"line":10,"column":6},"end":{"line":10,"column":32}},"6":{"start":{"line":11,"column":6},"end":{"line":11,"column":57}},"7":{"start":{"line":12,"column":6},"end":{"line":12,"column":34}}},"fnMap":{"0":{"name":"Player","decl":{"start":{"line":3,"column":9},"end":{"line":3,"column":15}},"loc":{"start":{"line":3,"column":23},"end":{"line":15,"column":1}},"line":3},"1":{"name":"(anonymous_1)","decl":{"start":{"line":7,"column":12},"end":{"line":7,"column":13}},"loc":{"start":{"line":7,"column":29},"end":{"line":13,"column":5}},"line":7}},"branchMap":{"0":{"loc":{"start":{"line":9,"column":6},"end":{"line":9,"column":83}},"type":"if","locations":[{"start":{"line":9,"column":6},"end":{"line":9,"column":83}},{"start":{},"end":{}}],"line":9}},"s":{"0":2,"1":2,"2":6,"3":6,"4":1,"5":5,"6":5,"7":5},"f":{"0":2,"1":6},"b":{"0":[1,5]},"_coverageSchema":"1a1c01bbd47fc00a2c39e90264f33305004495a9","hash":"ea0d9510871091b389733ae80d3d09b3c85f6bd6"}
,"/home/mijan/web_dev/the_odin_project/fullstack_js/projects/javascript/battleship/src/modules/ship/ship.js": {"path":"/home/mijan/web_dev/the_odin_project/fullstack_js/projects/javascript/battleship/src/modules/ship/ship.js","statementMap":{"0":{"start":{"line":1,"column":19},"end":{"line":7,"column":2}},"1":{"start":{"line":10,"column":2},"end":{"line":10,"column":54}},"2":{"start":{"line":10,"column":21},"end":{"line":10,"column":54}},"3":{"start":{"line":11,"column":13},"end":{"line":16,"column":3}},"4":{"start":{"line":18,"column":2},"end":{"line":21,"column":4}},"5":{"start":{"line":19,"column":15},"end":{"line":19,"column":65}},"6":{"start":{"line":20,"column":18},"end":{"line":20,"column":71}}},"fnMap":{"0":{"name":"Ship","decl":{"start":{"line":9,"column":9},"end":{"line":9,"column":13}},"loc":{"start":{"line":9,"column":42},"end":{"line":22,"column":1}},"line":9},"1":{"name":"(anonymous_1)","decl":{"start":{"line":19,"column":9},"end":{"line":19,"column":10}},"loc":{"start":{"line":19,"column":15},"end":{"line":19,"column":65}},"line":19},"2":{"name":"(anonymous_2)","decl":{"start":{"line":20,"column":12},"end":{"line":20,"column":13}},"loc":{"start":{"line":20,"column":18},"end":{"line":20,"column":71}},"line":20}},"branchMap":{"0":{"loc":{"start":{"line":9,"column":21},"end":{"line":9,"column":40}},"type":"default-arg","locations":[{"start":{"line":9,"column":30},"end":{"line":9,"column":40}}],"line":9},"1":{"loc":{"start":{"line":10,"column":2},"end":{"line":10,"column":54}},"type":"if","locations":[{"start":{"line":10,"column":2},"end":{"line":10,"column":54}},{"start":{},"end":{}}],"line":10},"2":{"loc":{"start":{"line":19,"column":15},"end":{"line":19,"column":65}},"type":"cond-expr","locations":[{"start":{"line":19,"column":44},"end":{"line":19,"column":59}},{"start":{"line":19,"column":61},"end":{"line":19,"column":65}}],"line":19},"3":{"loc":{"start":{"line":20,"column":18},"end":{"line":20,"column":71}},"type":"cond-expr","locations":[{"start":{"line":20,"column":48},"end":{"line":20,"column":64}},{"start":{"line":20,"column":66},"end":{"line":20,"column":71}}],"line":20}},"s":{"0":1,"1":2,"2":0,"3":2,"4":2,"5":5,"6":1},"f":{"0":2,"1":5,"2":1},"b":{"0":[2],"1":[0,2],"2":[5,0],"3":[1,0]},"_coverageSchema":"1a1c01bbd47fc00a2c39e90264f33305004495a9","hash":"e1b973f686e1bdd962e0805f72966e3f40405edd"}
}
