TN:
SF:src/modules/gameboard/gameboard.js
FN:1,Gameboard
FN:5,(anonymous_1)
FN:12,createGrid
FNF:3
FNH:3
FNDA:1,Gameboard
FNDA:1,(anonymous_1)
FNDA:4,createGrid
DA:2,1
DA:6,1
DA:7,1
DA:13,4
DA:14,4
DA:15,4
DA:17,4
DA:18,40
DA:19,40
DA:20,400
DA:28,4
LF:11
LH:11
BRF:0
BRH:0
end_of_record
TN:
SF:src/modules/ship/ship.js
FN:1,Ship
FN:4,(anonymous_1)
FN:5,(anonymous_2)
FNF:3
FNH:3
FNDA:1,Ship
FNDA:1,(anonymous_1)
FNDA:2,(anonymous_2)
DA:2,1
DA:3,1
DA:4,1
DA:5,2
LF:4
LH:4
BRDA:1,0,0,1
BRDA:1,1,0,1
BRDA:4,2,0,1
BRDA:4,2,1,0
BRDA:5,3,0,0
BRDA:5,3,1,2
BRF:6
BRH:4
end_of_record
