TN:
SF:src/modules/gameboard/gameboard.js
FN:3,Gameboard
FN:22,(anonymous_1)
FN:28,(anonymous_2)
FN:41,createBoard
FN:67,createShips
FN:77,setBoard
FNF:6
FNH:5
FNDA:1,Gameboard
FNDA:1,(anonymous_1)
FNDA:1,(anonymous_2)
FNDA:4,createBoard
FNDA:2,createShips
FNDA:0,setBoard
DA:4,1
DA:19,1
DA:23,1
DA:24,1
DA:25,1
DA:29,1
DA:31,1
DA:33,1
DA:34,1
DA:35,1
DA:42,4
DA:43,4
DA:44,4
DA:50,4
DA:51,40
DA:52,40
DA:53,400
DA:54,400
DA:60,400
DA:64,4
DA:68,2
LF:21
LH:21
BRDA:31,0,0,0
BRDA:31,0,1,1
BRF:2
BRH:1
end_of_record
TN:
SF:src/modules/ship/ship.js
FN:1,Ship
FN:4,(anonymous_1)
FN:5,(anonymous_2)
FNF:3
FNH:3
FNDA:11,Ship
FNDA:3,(anonymous_1)
FNDA:5,(anonymous_2)
DA:2,11
DA:3,11
DA:4,3
DA:5,5
LF:4
LH:4
BRDA:4,0,0,3
BRDA:4,0,1,0
BRDA:5,1,0,0
BRDA:5,1,1,5
BRF:4
BRH:2
end_of_record
